<?xml version="1.0" encoding="UTF-8"?>
<!-- Generated by org.testng.reporters.JUnitReportReporter -->
<testsuite hostname="LAPTOP-VHN20HQL" failures="0" tests="1" name="com.MyStore.Test_Cases.TC_MyAccount_Page_TestCase" time="12.615" errors="0" timestamp="2025-01-08T12:19:03 IST" skipped="0">
  <testcase classname="com.MyStore.Test_Cases.TC_MyAccount_Page_TestCase" name="verifyRegisterUserLoginOrNot" time="12.615"/>
  <system-out/>
</testsuite> <!-- com.MyStore.Test_Cases.TC_MyAccount_Page_TestCase -->
