<?xml version="1.0" encoding="UTF-8"?>
<!-- Generated by org.testng.reporters.JUnitReportReporter -->
<testsuite hostname="LAPTOP-VHN20HQL" failures="0" tests="1" name="com.MyStore.Test_Cases.TC_Product_Page_TestCase" time="6.198" errors="0" timestamp="2025-01-01T14:48:50 IST" skipped="0">
  <testcase classname="com.MyStore.Test_Cases.TC_Product_Page_TestCase" name="verifySearchProduct" time="6.198"/>
  <system-out/>
</testsuite> <!-- com.MyStore.Test_Cases.TC_Product_Page_TestCase -->
