<?xml version="1.0" encoding="UTF-8"?>
<!-- Generated by org.testng.reporters.JUnitReportReporter -->
<testsuite hostname="LAPTOP-VHN20HQL" failures="0" tests="1" name="com.MyStore.Test_Cases.TC_Verify_AddTo_WishList_Without_Login_TestCase" time="2.854" errors="0" timestamp="2025-01-07T15:18:11 IST" skipped="0">
  <testcase classname="com.MyStore.Test_Cases.TC_Verify_AddTo_WishList_Without_Login_TestCase" name="verifyAddToWishList_Without_Login" time="2.854"/>
  <system-out/>
</testsuite> <!-- com.MyStore.Test_Cases.TC_Verify_AddTo_WishList_Without_Login_TestCase -->
